<beans xmlns="http://www.springframework.org/schema/beans"
       xmlns:xsi="http://www.w3.org/2001/XMLSchema-instance"
       xmlns:context="http://www.springframework.org/schema/context"
       xmlns:tx="http://www.springframework.org/schema/tx"
       xsi:schemaLocation="http://www.springframework.org/schema/beans
		http://www.springframework.org/schema/beans/spring-beans.xsd
		http://www.springframework.org/schema/tx
		http://www.springframework.org/schema/tx/spring-tx.xsd
		http://www.springframework.org/schema/context
		http://www.springframework.org/schema/context/spring-context.xsd">

	<context:annotation-config />

	<context:component-scan base-package="com.tr.sitetracker" />

	<tx:annotation-driven transaction-manager="transactionManager" />

	<context:property-placeholder
		location="classpath:config/*.properties" />

<!--	<jee:jndi-lookup id="dataSource"
		jndi-name="java:/datasources/SiteTrackerDataSource" />-->

	<bean id="dataSource" destroy-method="close"
		  class="org.apache.commons.dbcp2.BasicDataSource">
		<property name="driverClassName" value="${db.driver}"/>
		<property name="url" value="${db.jdbcurl}"/>
		<property name="username" value="${db.username}"/>
		<property name="password" value="${db.password}"/>
		<property name="initialSize" value="${db.conn.initial_size}"/>
		<property name="maxTotal" value="${db.conn.max_total}"/>
		<property name="validationQuery" value="${db.conn.validationquery}"/>
	</bean>

	<bean id="entityManagerFactory"
		class="org.springframework.orm.jpa.LocalContainerEntityManagerFactoryBean">
		<property name="persistenceXmlLocation" value="classpath:persistence.xml" />
		<property name="persistenceUnitName" value="site-tracker" />
		<property name="dataSource" ref="dataSource" />
		<property name="packagesToScan" value="com.tr.sitetracker.domain.*" />
		<property name="jpaVendorAdapter">
			<bean class="org.springframework.orm.jpa.vendor.HibernateJpaVendorAdapter">
				<property name="generateDdl" value="true" />
				<property name="showSql" value="true" />
				<property name="databasePlatform" value="org.hibernate.dialect.H2Dialect" />
 				<!--<property name="hibernate.hbm2ddl.import_files" value="test-data/seed_data.sql" />-->
			</bean>
		</property>
	</bean>

	<bean id="transactionManager" class="org.springframework.orm.jpa.JpaTransactionManager">
		<property name="entityManagerFactory" ref="entityManagerFactory" />
	</bean>
</beans>
